==== TEST SCRIPT SETTINGS ====
DATASET = oxford_pets
SEED    = 1
NUM_SHOTS = 0
PER_CLASS_SHOTS = [16,16,16,16,16,16,16,16,16,16,16,16,16,16,16,16,16,16,16,1,1,1,1,1,1,1,1,1,1,1,1,1,1,1,1,1,1]
OUTPUT DIR = output/base2new/test_novel/oxford_pets/shots_-1/CoCoOp/vit_b16_c4_ep10_batch1_ctxv1/seed1
==============================
[TEST] Evaluating model: directory not found => First run
Will save the output to output/base2new/test_novel/oxford_pets/shots_-1/CoCoOp/vit_b16_c4_ep10_batch1_ctxv1/seed1
Setting fixed seed: 1
***************
** Arguments **
***************
backbone: 
config_file: configs/trainers/CoCoOp/vit_b16_c4_ep10_batch1_ctxv1.yaml
dataset_config_file: configs/datasets/oxford_pets.yaml
eval_only: True
head: 
load_epoch: 10
model_dir: output/base2new/train_base/oxford_pets/shots_-1/CoCoOp/vit_b16_c4_ep10_batch1_ctxv1/seed1
no_train: False
opts: ['DATASET.NUM_SHOTS', '0', 'DATASET.PER_CLASS_SHOTS', '[16,16,16,16,16,16,16,16,16,16,16,16,16,16,16,16,16,16,16,1,1,1,1,1,1,1,1,1,1,1,1,1,1,1,1,1,1]', 'DATASET.SUBSAMPLE_CLASSES', 'novel']
output_dir: output/base2new/test_novel/oxford_pets/shots_-1/CoCoOp/vit_b16_c4_ep10_batch1_ctxv1/seed1
resume: 
root: /home/jewonyeom/prompt_learning/OxfordPets
seed: 1
source_domains: None
target_domains: None
trainer: CoCoOp
transforms: None
************
** Config **
************
DATALOADER:
  K_TRANSFORMS: 1
  NUM_WORKERS: 8
  RETURN_IMG0: False
  TEST:
    BATCH_SIZE: 100
    SAMPLER: SequentialSampler
  TRAIN_U:
    BATCH_SIZE: 32
    N_DOMAIN: 0
    N_INS: 16
    SAME_AS_X: True
    SAMPLER: RandomSampler
  TRAIN_X:
    BATCH_SIZE: 1
    N_DOMAIN: 0
    N_INS: 16
    SAMPLER: RandomSampler
DATASET:
  ALL_AS_UNLABELED: False
  CIFAR_C_LEVEL: 1
  CIFAR_C_TYPE: 
  NAME: OxfordPets
  NUM_LABELED: -1
  NUM_SHOTS: 0
  PER_CLASS_SHOTS: [16, 16, 16, 16, 16, 16, 16, 16, 16, 16, 16, 16, 16, 16, 16, 16, 16, 16, 16, 1, 1, 1, 1, 1, 1, 1, 1, 1, 1, 1, 1, 1, 1, 1, 1, 1, 1]
  ROOT: /home/jewonyeom/prompt_learning/OxfordPets
  SOURCE_DOMAINS: ()
  STL10_FOLD: -1
  SUBSAMPLE_CLASSES: novel
  TARGET_DOMAINS: ()
  VAL_PERCENT: 0.1
INPUT:
  COLORJITTER_B: 0.4
  COLORJITTER_C: 0.4
  COLORJITTER_H: 0.1
  COLORJITTER_S: 0.4
  CROP_PADDING: 4
  CUTOUT_LEN: 16
  CUTOUT_N: 1
  GB_K: 21
  GB_P: 0.5
  GN_MEAN: 0.0
  GN_STD: 0.15
  INTERPOLATION: bicubic
  NO_TRANSFORM: False
  PIXEL_MEAN: [0.48145466, 0.4578275, 0.40821073]
  PIXEL_STD: [0.26862954, 0.26130258, 0.27577711]
  RANDAUGMENT_M: 10
  RANDAUGMENT_N: 2
  RGS_P: 0.2
  RRCROP_SCALE: (0.08, 1.0)
  SIZE: (224, 224)
  TRANSFORMS: ('random_resized_crop', 'random_flip', 'normalize')
MODEL:
  BACKBONE:
    NAME: ViT-B/16
    PRETRAINED: True
  HEAD:
    ACTIVATION: relu
    BN: True
    DROPOUT: 0.0
    HIDDEN_LAYERS: ()
    NAME: 
  INIT_WEIGHTS: 
OPTIM:
  ADAM_BETA1: 0.9
  ADAM_BETA2: 0.999
  BASE_LR_MULT: 0.1
  GAMMA: 0.1
  LR: 0.002
  LR_SCHEDULER: cosine
  MAX_EPOCH: 10
  MOMENTUM: 0.9
  NAME: sgd
  NEW_LAYERS: ()
  RMSPROP_ALPHA: 0.99
  SGD_DAMPNING: 0
  SGD_NESTEROV: False
  STAGED_LR: False
  STEPSIZE: (-1,)
  WARMUP_CONS_LR: 1e-05
  WARMUP_EPOCH: 1
  WARMUP_MIN_LR: 1e-05
  WARMUP_RECOUNT: True
  WARMUP_TYPE: constant
  WEIGHT_DECAY: 0.0005
OUTPUT_DIR: output/base2new/test_novel/oxford_pets/shots_-1/CoCoOp/vit_b16_c4_ep10_batch1_ctxv1/seed1
RESUME: 
SEED: 1
TEST:
  COMPUTE_CMAT: False
  EVALUATOR: Classification
  FINAL_MODEL: last_step
  NO_TEST: False
  PER_CLASS_RESULT: False
  SPLIT: test
TRAIN:
  CHECKPOINT_FREQ: 0
  COUNT_ITER: train_x
  PRINT_FREQ: 20
TRAINER:
  CDAC:
    CLASS_LR_MULTI: 10
    P_THRESH: 0.95
    RAMPUP_COEF: 30
    RAMPUP_ITRS: 1000
    STRONG_TRANSFORMS: ()
    TOPK_MATCH: 5
  COCOOP:
    CTX_INIT: a photo of a
    N_CTX: 4
    PREC: fp16
  COOP:
    CLASS_TOKEN_POSITION: end
    CSC: False
    CTX_INIT: 
    N_CTX: 16
    PREC: fp16
  CROSSGRAD:
    ALPHA_D: 0.5
    ALPHA_F: 0.5
    EPS_D: 1.0
    EPS_F: 1.0
  DAEL:
    CONF_THRE: 0.95
    STRONG_TRANSFORMS: ()
    WEIGHT_U: 0.5
  DAELDG:
    CONF_THRE: 0.95
    STRONG_TRANSFORMS: ()
    WEIGHT_U: 0.5
  DDAIG:
    ALPHA: 0.5
    CLAMP: False
    CLAMP_MAX: 1.0
    CLAMP_MIN: -1.0
    G_ARCH: 
    LMDA: 0.3
    WARMUP: 0
  DOMAINMIX:
    ALPHA: 1.0
    BETA: 1.0
    TYPE: crossdomain
  ENTMIN:
    LMDA: 0.001
  FIXMATCH:
    CONF_THRE: 0.95
    STRONG_TRANSFORMS: ()
    WEIGHT_U: 1.0
  IVLP:
    CTX_INIT: a photo of a
    N_CTX_TEXT: 2
    N_CTX_VISION: 2
    PREC: fp16
    PROMPT_DEPTH_TEXT: 9
    PROMPT_DEPTH_VISION: 9
  M3SDA:
    LMDA: 0.5
    N_STEP_F: 4
  MAPLE:
    CTX_INIT: a photo of a
    N_CTX: 2
    PREC: fp16
    PROMPT_DEPTH: 9
  MCD:
    N_STEP_F: 4
  MEANTEACHER:
    EMA_ALPHA: 0.999
    RAMPUP: 5
    WEIGHT_U: 1.0
  MIXMATCH:
    MIXUP_BETA: 0.75
    RAMPUP: 20000
    TEMP: 2.0
    WEIGHT_U: 100.0
  MME:
    LMDA: 0.1
  NAME: CoCoOp
  PROMPTSRC:
    CTX_INIT: a photo of a
    GPA_MEAN: 15
    GPA_STD: 1
    IMAGE_LOSS_WEIGHT: 10
    N_CTX_TEXT: 4
    N_CTX_VISION: 4
    PREC: fp16
    PROMPT_DEPTH_TEXT: 9
    PROMPT_DEPTH_VISION: 9
    TEXT_LOSS_WEIGHT: 25
  SE:
    CONF_THRE: 0.95
    EMA_ALPHA: 0.999
    RAMPUP: 300
USE_CUDA: True
VERBOSE: True
VERSION: 1
Collecting env info ...
** System info **
PyTorch version: 2.5.1+cu124
Is debug build: False
CUDA used to build PyTorch: 12.4
ROCM used to build PyTorch: N/A

OS: Ubuntu 22.04.5 LTS (x86_64)
GCC version: (Ubuntu 11.4.0-1ubuntu1~22.04) 11.4.0
Clang version: Could not collect
CMake version: version 3.22.1
Libc version: glibc-2.35

Python version: 3.12.7 | packaged by Anaconda, Inc. | (main, Oct  4 2024, 13:27:36) [GCC 11.2.0] (64-bit runtime)
Python platform: Linux-6.8.0-47-generic-x86_64-with-glibc2.35
Is CUDA available: True
CUDA runtime version: Could not collect
CUDA_MODULE_LOADING set to: LAZY
GPU models and configuration: 
GPU 0: NVIDIA RTX A6000
GPU 1: NVIDIA RTX A6000
GPU 2: NVIDIA RTX A6000
GPU 3: NVIDIA RTX A6000
GPU 4: NVIDIA RTX A6000
GPU 5: NVIDIA RTX A6000
GPU 6: NVIDIA RTX A6000
GPU 7: NVIDIA RTX A6000
GPU 8: NVIDIA RTX A6000
GPU 9: NVIDIA RTX A6000

Nvidia driver version: 535.183.01
cuDNN version: Could not collect
HIP runtime version: N/A
MIOpen runtime version: N/A
Is XNNPACK available: True

CPU:
Architecture:                         x86_64
CPU op-mode(s):                       32-bit, 64-bit
Address sizes:                        46 bits physical, 57 bits virtual
Byte Order:                           Little Endian
CPU(s):                               48
On-line CPU(s) list:                  0-47
Vendor ID:                            GenuineIntel
Model name:                           Intel(R) Xeon(R) Silver 4410Y
CPU family:                           6
Model:                                143
Thread(s) per core:                   2
Core(s) per socket:                   12
Socket(s):                            2
Stepping:                             8
CPU max MHz:                          3900.0000
CPU min MHz:                          800.0000
BogoMIPS:                             4000.00
Flags:                                fpu vme de pse tsc msr pae mce cx8 apic sep mtrr pge mca cmov pat pse36 clflush dts acpi mmx fxsr sse sse2 ss ht tm pbe syscall nx pdpe1gb rdtscp lm constant_tsc art arch_perfmon pebs bts rep_good nopl xtopology nonstop_tsc cpuid aperfmperf tsc_known_freq pni pclmulqdq dtes64 monitor ds_cpl vmx smx est tm2 ssse3 sdbg fma cx16 xtpr pdcm pcid dca sse4_1 sse4_2 x2apic movbe popcnt tsc_deadline_timer aes xsave avx f16c rdrand lahf_lm abm 3dnowprefetch cpuid_fault epb cat_l3 cat_l2 cdp_l3 intel_ppin cdp_l2 ssbd mba ibrs ibpb stibp ibrs_enhanced tpr_shadow flexpriority ept vpid ept_ad fsgsbase tsc_adjust bmi1 avx2 smep bmi2 erms invpcid cqm rdt_a avx512f avx512dq rdseed adx smap avx512ifma clflushopt clwb intel_pt avx512cd sha_ni avx512bw avx512vl xsaveopt xsavec xgetbv1 xsaves cqm_llc cqm_occup_llc cqm_mbm_total cqm_mbm_local split_lock_detect user_shstk avx_vnni avx512_bf16 wbnoinvd dtherm ida arat pln pts hfi vnmi avx512vbmi umip pku ospke waitpkg avx512_vbmi2 gfni vaes vpclmulqdq avx512_vnni avx512_bitalg tme avx512_vpopcntdq la57 rdpid bus_lock_detect cldemote movdiri movdir64b enqcmd fsrm md_clear serialize tsxldtrk pconfig arch_lbr ibt amx_bf16 avx512_fp16 amx_tile amx_int8 flush_l1d arch_capabilities
Virtualization:                       VT-x
L1d cache:                            1.1 MiB (24 instances)
L1i cache:                            768 KiB (24 instances)
L2 cache:                             48 MiB (24 instances)
L3 cache:                             60 MiB (2 instances)
NUMA node(s):                         2
NUMA node0 CPU(s):                    0-11,24-35
NUMA node1 CPU(s):                    12-23,36-47
Vulnerability Gather data sampling:   Not affected
Vulnerability Itlb multihit:          Not affected
Vulnerability L1tf:                   Not affected
Vulnerability Mds:                    Not affected
Vulnerability Meltdown:               Not affected
Vulnerability Mmio stale data:        Not affected
Vulnerability Reg file data sampling: Not affected
Vulnerability Retbleed:               Not affected
Vulnerability Spec rstack overflow:   Not affected
Vulnerability Spec store bypass:      Mitigation; Speculative Store Bypass disabled via prctl
Vulnerability Spectre v1:             Mitigation; usercopy/swapgs barriers and __user pointer sanitization
Vulnerability Spectre v2:             Mitigation; Enhanced / Automatic IBRS; IBPB conditional; RSB filling; PBRSB-eIBRS SW sequence; BHI BHI_DIS_S
Vulnerability Srbds:                  Not affected
Vulnerability Tsx async abort:        Not affected

Versions of relevant libraries:
[pip3] flake8==3.7.9
[pip3] mypy==1.11.2
[pip3] mypy-extensions==1.0.0
[pip3] numpy==1.26.4
[pip3] numpydoc==1.7.0
[pip3] torch==2.5.1
[pip3] torchvision==0.20.1
[pip3] triton==3.1.0
[conda] _anaconda_depends         2024.10             py312_mkl_0  
[conda] blas                      1.0                         mkl  
[conda] mkl                       2023.1.0         h213fc3f_46344  
[conda] mkl-service               2.4.0           py312h5eee18b_1  
[conda] mkl_fft                   1.3.10          py312h5eee18b_0  
[conda] mkl_random                1.2.7           py312h526ad5a_0  
[conda] numpy                     1.26.4          py312hc5e2394_0  
[conda] numpy-base                1.26.4          py312h0da6c21_0  
[conda] numpydoc                  1.7.0           py312h06a4308_0  
[conda] torch                     2.5.1                    pypi_0    pypi
[conda] torchvision               0.20.1                   pypi_0    pypi
[conda] triton                    3.1.0                    pypi_0    pypi
        Pillow (10.4.0)

Loading trainer: CoCoOp
Loading dataset: OxfordPets
Reading split from /home/jewonyeom/prompt_learning/OxfordPets/oxford_pets/split_zhou_OxfordPets.json
[OxfordPets] Loading per-class few-shot data from /home/jewonyeom/prompt_learning/OxfordPets/oxford_pets/split_fewshot/per_class_shots-seed_1.pkl
Traceback (most recent call last):
  File "/home/jewonyeom/prompt_learning/PromptSRC/train.py", line 254, in <module>
    main(args)
  File "/home/jewonyeom/prompt_learning/PromptSRC/train.py", line 179, in main
    trainer = build_trainer(cfg)
              ^^^^^^^^^^^^^^^^^^
  File "/home/jewonyeom/prompt_learning/Dassl.pytorch/dassl/engine/build.py", line 11, in build_trainer
    return TRAINER_REGISTRY.get(cfg.TRAINER.NAME)(cfg)
           ^^^^^^^^^^^^^^^^^^^^^^^^^^^^^^^^^^^^^^^^^^^
  File "/home/jewonyeom/prompt_learning/Dassl.pytorch/dassl/engine/trainer.py", line 324, in __init__
    self.build_data_loader()
  File "/home/jewonyeom/prompt_learning/Dassl.pytorch/dassl/engine/trainer.py", line 347, in build_data_loader
    dm = DataManager(self.cfg)
         ^^^^^^^^^^^^^^^^^^^^^
  File "/home/jewonyeom/prompt_learning/Dassl.pytorch/dassl/data/data_manager.py", line 61, in __init__
    dataset = build_dataset(cfg)
              ^^^^^^^^^^^^^^^^^^
  File "/home/jewonyeom/prompt_learning/Dassl.pytorch/dassl/data/datasets/build.py", line 11, in build_dataset
    return DATASET_REGISTRY.get(cfg.DATASET.NAME)(cfg)
           ^^^^^^^^^^^^^^^^^^^^^^^^^^^^^^^^^^^^^^^^^^^
  File "/home/jewonyeom/prompt_learning/PromptSRC/datasets/oxford_pets.py", line 94, in __init__
    train, val, test = self.subsample_classes(train, val, test, subsample=subsample)
                       ^^^^^^^^^^^^^^^^^^^^^^^^^^^^^^^^^^^^^^^^^^^^^^^^^^^^^^^^^^^^^
  File "/home/jewonyeom/prompt_learning/PromptSRC/datasets/oxford_pets.py", line 189, in subsample_classes
    assert subsample in ["all", "base", "new"]
           ^^^^^^^^^^^^^^^^^^^^^^^^^^^^^^^^^^^
AssertionError
